[preview.colorlib.com/theme/credit/index.html]
[backblue.gif]
[fade.gif]
[index.html]
[preview.colorlib.com/theme/credit/img/core-img/favicon.ico]
[preview.colorlib.com/theme/credit/style.css]
[preview.colorlib.com/theme/credit/index-2.html]
[preview.colorlib.com/theme/credit/img/core-img/logo.png]
[preview.colorlib.com/theme/credit/img/core-img/placeholder.png]
[preview.colorlib.com/theme/credit/img/core-img/message.png]
[preview.colorlib.com/theme/credit/about.html]
[preview.colorlib.com/theme/credit/services.html]
[preview.colorlib.com/theme/credit/post.html]
[preview.colorlib.com/theme/credit/single-post.html]
[preview.colorlib.com/theme/credit/contact.html]
[preview.colorlib.com/theme/credit/elements.html]
[preview.colorlib.com/theme/credit/img/core-img/call2.png]
[preview.colorlib.com/theme/credit/img/bg-img/1.jpg]
[preview.colorlib.com/theme/credit/img/bg-img/5.jpg]
[preview.colorlib.com/theme/credit/img/bg-img/2.jpg]
[preview.colorlib.com/theme/credit/img/bg-img/3.jpg]
[preview.colorlib.com/theme/credit/img/bg-img/4.jpg]
[preview.colorlib.com/theme/credit/img/bg-img/add.png]
[preview.colorlib.com/theme/credit/img/core-img/location.png]
[preview.colorlib.com/theme/credit/img/core-img/call.png]
[preview.colorlib.com/theme/credit/img/core-img/message2.png]
[preview.colorlib.com/theme/credit/img/bg-img/10.jpg]
[preview.colorlib.com/theme/credit/img/core-img/pencil.png]
[preview.colorlib.com/theme/credit/img/core-img/calendar.png]
[preview.colorlib.com/theme/credit/img/bg-img/11.jpg]
[preview.colorlib.com/theme/credit/img/bg-img/12.jpg]
[preview.colorlib.com/theme/credit/img/bg-img/6.jpg]
[preview.colorlib.com/theme/credit/img/bg-img/7.jpg]
[preview.colorlib.com/theme/credit/img/bg-img/8.jpg]
[preview.colorlib.com/theme/credit/img/bg-img/9.jpg]
[preview.colorlib.com/theme/credit/js/jquery/jquery-2.2.4.min.js]
[preview.colorlib.com/theme/credit/js/bootstrap/popper.min.js]
[preview.colorlib.com/theme/credit/js/bootstrap/bootstrap.min.js]
[preview.colorlib.com/theme/credit/js/plugins/plugins.js]
[preview.colorlib.com/theme/credit/js/active.js]
[preview.colorlib.com/theme/credit/index.html]
[preview.colorlib.com/theme/credit/css/bootstrap.min.css]
[preview.colorlib.com/theme/credit/css/classy-nav.css]
[preview.colorlib.com/theme/credit/css/owl.carousel.min.css]
[preview.colorlib.com/theme/credit/css/animate.css]
[preview.colorlib.com/theme/credit/css/font-awesome.min.css]
[preview.colorlib.com/theme/credit/css/credit-icon.css]
[preview.colorlib.com/theme/credit/style.css]
[preview.colorlib.com/theme/credit/index-2.html]
[preview.colorlib.com/theme/credit/img/bg-img/13.jpg]
[preview.colorlib.com/theme/credit/img/bg-img/14.jpg]
[preview.colorlib.com/theme/credit/img/bg-img/19.jpg]
[preview.colorlib.com/theme/credit/img/bg-img/15.jpg]
[preview.colorlib.com/theme/credit/img/bg-img/16.jpg]
[preview.colorlib.com/theme/credit/img/bg-img/17.jpg]
[preview.colorlib.com/theme/credit/img/bg-img/18.jpg]
[preview.colorlib.com/theme/credit/about.html]
[preview.colorlib.com/theme/credit/img/bg-img/20.jpg]
[preview.colorlib.com/theme/credit/img/bg-img/21.jpg]
[preview.colorlib.com/theme/credit/img/bg-img/add2.png]
[preview.colorlib.com/theme/credit/services.html]
[preview.colorlib.com/theme/credit/img/bg-img/22.jpg]
[preview.colorlib.com/theme/credit/img/bg-img/23.jpg]
[preview.colorlib.com/theme/credit/img/bg-img/24.jpg]
[preview.colorlib.com/theme/credit/post.html]
[preview.colorlib.com/theme/credit/img/bg-img/32.jpg]
[preview.colorlib.com/theme/credit/img/bg-img/33.jpg]
[preview.colorlib.com/theme/credit/single-post.html]
[preview.colorlib.com/theme/credit/img/bg-img/25.jpg]
[preview.colorlib.com/theme/credit/img/bg-img/26.jpg]
[preview.colorlib.com/theme/credit/contact.html]
[preview.colorlib.com/theme/credit/elements.html]
[preview.colorlib.com/theme/credit/css/bootstrap.min.css]
[preview.colorlib.com/theme/credit/fonts/classycb9b.eot]
[preview.colorlib.com/theme/credit/fonts/classycb9b.ttf]
[preview.colorlib.com/theme/credit/fonts/classycb9b.woff]
[preview.colorlib.com/theme/credit/fonts/classycb9b.svg]
[preview.colorlib.com/theme/credit/css/classy-nav.css]
[preview.colorlib.com/theme/credit/css/owl.video.play.png]
[preview.colorlib.com/theme/credit/css/owl.carousel.min.css]
[preview.colorlib.com/theme/credit/css/animate.css]
[preview.colorlib.com/theme/credit/fonts/fontawesome-webfont3e6e.eot]
[preview.colorlib.com/theme/credit/fonts/fontawesome-webfontd41d.eot]
[preview.colorlib.com/theme/credit/fonts/fontawesome-webfont3e6e.woff2]
[preview.colorlib.com/theme/credit/fonts/fontawesome-webfont3e6e.woff]
[preview.colorlib.com/theme/credit/fonts/fontawesome-webfont3e6e.ttf]
[preview.colorlib.com/theme/credit/css/font-awesome.min.css]
[preview.colorlib.com/theme/credit/fonts/fontawesome-webfont3e6e.svg]
[preview.colorlib.com/theme/credit/fonts/icomoonc38b.eot]
[preview.colorlib.com/theme/credit/fonts/icomoonc38b.ttf]
[preview.colorlib.com/theme/credit/fonts/icomoonc38b.woff]
[preview.colorlib.com/theme/credit/css/credit-icon.css]
[preview.colorlib.com/theme/credit/fonts/classycb9b.svg]
[preview.colorlib.com/theme/credit/css/owl.video.play.html]
[preview.colorlib.com/theme/credit/fonts/fontawesome-webfont3e6e.svg]
[preview.colorlib.com/theme/credit/fonts/icomoonc38b.svg]
[preview.colorlib.com/theme/credit/fonts/icomoonc38b.svg]
